Parents

Sortir les parents de chez eux, accueil des parents et futurs parents de notre  association, tout le monde, toute forme de sujets, accompagnement administratif via l'informatique, le courriel, les formulaires internet.
Accompagnement des enfants, dans le milieu, scolaire, créatif, ménage, rebondir vers les activités, allez dans les onglets concernés.
Création du lien entre le parent et l'enfant, impliquer dans la scolarité et dans les activités de leurs enfants.
Activités manuelles, activités intellectuelles.

Interdit: "soutien psychologique"
Ateliers bien-être, corporels, diététique, prendre soin de soi, sport, possibilité, moment d'échange, d'actualité, des sujets importants pour les parents.
On peut créer du lien autrement que chez soi, on peut se découvrir en dehors de la maison.
On finit les activités avec le sourire, on a passé un bon moment avec son enfant.

On a un accueil chaleureux,
Etre parent demande beaucoup d'énergie, s'évader du quotidien et permettre de faire des échanges avec d'autres parents.




Activités

Activités parents enfants permettent de se rapprocher, mieux comprendre, mettre en place un dialogue dans un endroit neutre. Favoriser les échanges avec un dialogue ouvert sur tous les sujets.
Nous avons mis en place des ativités manuelles pour apprendre à se détacher du virtuel (télévision, consoles, tablettes et téléphones), jeux d'échecs, jeux de dames, jeux de cartes et autres (pour développer son sens de la stratégie).
Atelier informatique pour les adolescents (aide à la candidature, sensibilisation aux dangers de l'internet, escroqueries,...) et les parents (aide à la candidature, divers démarches administratives, aide à la compréhension et l'utilisation des outils informatiques des écoles,...




Bien-être et diététique

Sensibiliser et conseiller les parents sur leur alimentation (comment mieux manger, à petit budget) et la recherche du bien-être (marche sportive, atelier renforcement musculaire, atelier nutrition), vélo,...

Améliorer le contenu des assiettes selon les modes de vie, sensibiliser sur les risques des ingrédients,
Détox, suivit des personnes, leur ressenti, les dosages, régénérer la flore intestinale, diminuer les problèmes urinaires, nettoyer l'organisme au travers nos organes, mettre au repos les organes
Stress, surmenage, risques sur les organes

Interdit: "Régime"
Mieux manger, équilibrer son alimentation, mieux vivre son alimentation au quotidien, la personne est actrice de son alimentation, on a le choix de cuisiner ou non,
Adapter l'organisation des repas, le Batch cooking, un "cook" où on fait cuire les légumes pendant son absence, organiser dans le mois ses plats à l'avance pour organiser les ingrédients et les apports nutritifs
Appareils pour simplifier le quotidien

Sport, améliorer la résistance au stress, canaliser son énergie dans une activité, prendre plus de recul, le dépassement de soi.
On le fait à travers la marche sportive, du renforcement musculaire dans le local avec les tapis de sport.
En raison de la situation sanitaire, nous faisons toutes les activités sportives dans le local.
Chaque mois, les activités sportives peuvent évoluer et peuvent proposer de nouveaux sports.
Nous faisons le sport dans le local dans le respect des mesures sanitaires.

Echanges et dialogues, écoute sur la situation de chacun,
Conseils en diététique



Habitants du Bois l'Abbé

Les habitants sont des personnes qui aimeraient s'investir dans la vie de leur quartier, et découvrir toutes les possibilités. Dans nos activités de quartier comme le sport (les marches à pieds), on découvre les équipements, les parcs et des endroits magnifiques, ici aurpsè des logements et les alentours. Les bords de la Marne, le parc du Tremblay, le parc du Plateau, l'île du Martin pêcheur, Jean villard, guinguettes,

Champigny est une ville qui mérite d'être découverte, où chaque recoins peuvent dévoiler des endroits apaisants, ou dynamiques, ou chaleureux. On passe près des monuments, des musées (de la résistance), qui ouvrent la discussion vers les faits historiques et les valeurs que nous partageons ensemble, dans le quartier du Bois l'Abbé, dans la ville de Champigny, dans les villes juste à côté.

Il y a aussi beaucoup de

Nous partageons des accès rapide vers les villes alentours, on peut facilement rejoindre les établissement scolaires départementaux, centre commerciaux de Chennevières, le parc du Morbras de Sucy, le marché du Plessis, les transports de Villiers,

Nous nous inscrivons à la dynamique de vie de quartier, le dispositif Cité Educative, nous sommes partenaire à cette association qui donne accès aux établissements publics et scolaires, d'être accueillis dans les espaces parents et d'être au plus proche de votre vie, de vos familles. Cela permet d'accueillir les parents pour faire des entretiens entre les parents et les professeurs, et faire médiateur dans les conflits entre les parents et le milieu scolaire. Dans l'aide aux devoirs, les professeurs peuvent nous solliciter pour transmettre en-dehors de l'établissement scolaire leurs ressentis et les difficultés des enfants. Ils nous transmettent les projets scolaire, et faire des activités péri-scolaires avec les parents ou les enfants.

Les établissements sont distincts les uns des autres, l'association permet de faire des transmissions entre les établissements (maternelle, primaire, collège) et accompagner les enfants dans une continuité de quartier ou faire de la médiation sur les établissements. Nous sommes régulièrement conviés à rejoindre des réunions d'informations et nous transmettons aux parents.

La mission locale, paris habitat, PRIJ, Optima (médiation terrain), "Kana Jeunesse d'Avenir" et "Je crois en vous tous", "Couleurs Avenir", "Compagnons des bâtisseurs" (aires de sport).

Val de Marne, Ville de Champigny (bibliothèque, maison pour tous, ludothèque).

Mixité, différence culturelle, mélange éthnique, APBA permet des échanges, apprendre à se connaître et s'apprécier, échanges culinaires, traditions, vestimentaires, fierté des multiples origines, fierté française. Journée culturelle, les enfants ont adoré découvrir les plats des autres familles.




Couture


Informatique


Activité en familles

Pâtisserie en famille, travaux manuels qui changent, recyclage (boite à crayon, étoiles, fleurs), coordination main-oeil, réutiliser (éponges, jean->short), pinata,

